2010.01.10 18:40 B D:\xampp\htdocs\sundragons\icon\address.ico --> sundragons.co.cc /public_html/icon address.ico
2010.01.10 18:41 B D:\xampp\htdocs\sundragons\icon\block.ico --> sundragons.co.cc /public_html/icon block.ico
2010.01.10 18:41 B D:\xampp\htdocs\sundragons\icon\bookmark.ico --> sundragons.co.cc /public_html/icon bookmark.ico
2010.01.10 18:41 B D:\xampp\htdocs\sundragons\icon\briefcase.ico --> sundragons.co.cc /public_html/icon briefcase.ico
2010.01.10 18:41 B D:\xampp\htdocs\sundragons\icon\bubble.ico --> sundragons.co.cc /public_html/icon bubble.ico
2010.01.10 18:41 B D:\xampp\htdocs\sundragons\icon\buy.ico --> sundragons.co.cc /public_html/icon buy.ico
2010.01.10 18:41 B D:\xampp\htdocs\sundragons\icon\calendar.ico --> sundragons.co.cc /public_html/icon calendar.ico
2010.01.10 18:41 B D:\xampp\htdocs\sundragons\icon\clipboard.ico --> sundragons.co.cc /public_html/icon clipboard.ico
2010.01.10 18:41 B D:\xampp\htdocs\sundragons\icon\clock.ico --> sundragons.co.cc /public_html/icon clock.ico
2010.01.10 18:41 B D:\xampp\htdocs\sundragons\icon\delete.ico --> sundragons.co.cc /public_html/icon delete.ico
2010.01.10 18:41 B D:\xampp\htdocs\sundragons\icon\diagram.ico --> sundragons.co.cc /public_html/icon diagram.ico
2010.01.10 18:42 B D:\xampp\htdocs\sundragons\icon\document.ico --> sundragons.co.cc /public_html/icon document.ico
2010.01.10 18:42 B D:\xampp\htdocs\sundragons\icon\down.ico --> sundragons.co.cc /public_html/icon down.ico
2010.01.10 18:42 B D:\xampp\htdocs\sundragons\icon\flag.ico --> sundragons.co.cc /public_html/icon flag.ico
2010.01.10 18:42 B D:\xampp\htdocs\sundragons\icon\folder.ico --> sundragons.co.cc /public_html/icon folder.ico
2010.01.10 18:42 B D:\xampp\htdocs\sundragons\icon\gear.ico --> sundragons.co.cc /public_html/icon gear.ico
2010.01.10 18:42 B D:\xampp\htdocs\sundragons\icon\globe.ico --> sundragons.co.cc /public_html/icon globe.ico
2010.01.10 18:42 B D:\xampp\htdocs\sundragons\icon\heart.ico --> sundragons.co.cc /public_html/icon heart.ico
2010.01.10 18:42 B D:\xampp\htdocs\sundragons\icon\help.ico --> sundragons.co.cc /public_html/icon help.ico
2010.01.10 18:42 B D:\xampp\htdocs\sundragons\icon\home.ico --> sundragons.co.cc /public_html/icon home.ico
2010.01.10 18:42 B D:\xampp\htdocs\sundragons\icon\info.ico --> sundragons.co.cc /public_html/icon info.ico
2010.01.10 18:42 B D:\xampp\htdocs\sundragons\icon\key.ico --> sundragons.co.cc /public_html/icon key.ico
2010.01.10 18:43 B D:\xampp\htdocs\sundragons\icon\label.ico --> sundragons.co.cc /public_html/icon label.ico
2010.01.10 18:43 B D:\xampp\htdocs\sundragons\icon\left.ico --> sundragons.co.cc /public_html/icon left.ico
2010.01.10 18:43 B D:\xampp\htdocs\sundragons\icon\letter.ico --> sundragons.co.cc /public_html/icon letter.ico
2010.01.10 18:43 B D:\xampp\htdocs\sundragons\icon\license.txt --> sundragons.co.cc /public_html/icon license.txt
2010.01.10 18:43 B D:\xampp\htdocs\sundragons\icon\monitor.ico --> sundragons.co.cc /public_html/icon monitor.ico
2010.01.10 18:43 B D:\xampp\htdocs\sundragons\icon\pencil.ico --> sundragons.co.cc /public_html/icon pencil.ico
2010.01.10 18:43 B D:\xampp\htdocs\sundragons\icon\plus.ico --> sundragons.co.cc /public_html/icon plus.ico
2010.01.10 18:43 B D:\xampp\htdocs\sundragons\icon\present.ico --> sundragons.co.cc /public_html/icon present.ico
2010.01.10 18:43 B D:\xampp\htdocs\sundragons\icon\print.ico --> sundragons.co.cc /public_html/icon print.ico
2010.01.10 18:43 B D:\xampp\htdocs\sundragons\icon\right.ico --> sundragons.co.cc /public_html/icon right.ico
2010.01.10 18:43 B D:\xampp\htdocs\sundragons\icon\save.ico --> sundragons.co.cc /public_html/icon save.ico
2010.01.10 18:43 B D:\xampp\htdocs\sundragons\icon\search.ico --> sundragons.co.cc /public_html/icon search.ico
2010.01.10 18:44 B D:\xampp\htdocs\sundragons\icon\shield.ico --> sundragons.co.cc /public_html/icon shield.ico
2010.01.10 18:44 B D:\xampp\htdocs\sundragons\icon\statistics.ico --> sundragons.co.cc /public_html/icon statistics.ico
2010.01.10 18:44 B D:\xampp\htdocs\sundragons\icon\stop.ico --> sundragons.co.cc /public_html/icon stop.ico
2010.01.10 18:44 B D:\xampp\htdocs\sundragons\icon\Thumbs.db --> sundragons.co.cc /public_html/icon Thumbs.db
2010.01.10 18:44 B D:\xampp\htdocs\sundragons\icon\tick.ico --> sundragons.co.cc /public_html/icon tick.ico
2010.01.10 18:44 B D:\xampp\htdocs\sundragons\icon\trash.ico --> sundragons.co.cc /public_html/icon trash.ico
2010.01.10 18:44 B D:\xampp\htdocs\sundragons\icon\up.ico --> sundragons.co.cc /public_html/icon up.ico
2010.01.10 18:44 B D:\xampp\htdocs\sundragons\icon\user.ico --> sundragons.co.cc /public_html/icon user.ico
2010.01.10 18:44 B D:\xampp\htdocs\sundragons\icon\wallet.ico --> sundragons.co.cc /public_html/icon wallet.ico
2010.01.10 18:44 B D:\xampp\htdocs\sundragons\icon\warning.ico --> sundragons.co.cc /public_html/icon warning.ico
2010.03.01 20:40 B D:\xampp\htdocs\vbshopping\icon\address.ico --> limiteeshirt.com /public_html/icon address.ico
2010.03.01 20:41 B D:\xampp\htdocs\vbshopping\icon\block.ico --> limiteeshirt.com /public_html/icon block.ico
2010.03.01 20:41 B D:\xampp\htdocs\vbshopping\icon\bookmark.ico --> limiteeshirt.com /public_html/icon bookmark.ico
2010.03.01 20:41 B D:\xampp\htdocs\vbshopping\icon\briefcase.ico --> limiteeshirt.com /public_html/icon briefcase.ico
2010.03.01 20:41 B D:\xampp\htdocs\vbshopping\icon\bubble.ico --> limiteeshirt.com /public_html/icon bubble.ico
2010.03.01 20:41 B D:\xampp\htdocs\vbshopping\icon\buy.ico --> limiteeshirt.com /public_html/icon buy.ico
2010.03.01 20:41 B D:\xampp\htdocs\vbshopping\icon\calendar.ico --> limiteeshirt.com /public_html/icon calendar.ico
2010.03.01 20:41 B D:\xampp\htdocs\vbshopping\icon\clipboard.ico --> limiteeshirt.com /public_html/icon clipboard.ico
2010.03.01 20:41 B D:\xampp\htdocs\vbshopping\icon\clock.ico --> limiteeshirt.com /public_html/icon clock.ico
2010.03.01 20:42 B D:\xampp\htdocs\vbshopping\icon\delete.ico --> limiteeshirt.com /public_html/icon delete.ico
2010.03.01 20:42 B D:\xampp\htdocs\vbshopping\icon\diagram.ico --> limiteeshirt.com /public_html/icon diagram.ico
2010.03.01 20:42 B D:\xampp\htdocs\vbshopping\icon\document.ico --> limiteeshirt.com /public_html/icon document.ico
2010.03.01 20:42 B D:\xampp\htdocs\vbshopping\icon\down.ico --> limiteeshirt.com /public_html/icon down.ico
2010.03.01 20:42 B D:\xampp\htdocs\vbshopping\icon\flag.ico --> limiteeshirt.com /public_html/icon flag.ico
2010.03.01 20:42 B D:\xampp\htdocs\vbshopping\icon\folder.ico --> limiteeshirt.com /public_html/icon folder.ico
2010.03.01 20:42 B D:\xampp\htdocs\vbshopping\icon\gear.ico --> limiteeshirt.com /public_html/icon gear.ico
2010.03.01 20:42 B D:\xampp\htdocs\vbshopping\icon\globe.ico --> limiteeshirt.com /public_html/icon globe.ico
2010.03.01 20:42 B D:\xampp\htdocs\vbshopping\icon\heart.ico --> limiteeshirt.com /public_html/icon heart.ico
2010.03.01 20:43 B D:\xampp\htdocs\vbshopping\icon\help.ico --> limiteeshirt.com /public_html/icon help.ico
2010.03.01 20:43 B D:\xampp\htdocs\vbshopping\icon\home.ico --> limiteeshirt.com /public_html/icon home.ico
2010.03.01 20:43 B D:\xampp\htdocs\vbshopping\icon\info.ico --> limiteeshirt.com /public_html/icon info.ico
2010.03.01 20:43 B D:\xampp\htdocs\vbshopping\icon\key.ico --> limiteeshirt.com /public_html/icon key.ico
2010.03.01 20:43 B D:\xampp\htdocs\vbshopping\icon\label.ico --> limiteeshirt.com /public_html/icon label.ico
2010.03.01 20:43 B D:\xampp\htdocs\vbshopping\icon\left.ico --> limiteeshirt.com /public_html/icon left.ico
2010.03.01 20:43 B D:\xampp\htdocs\vbshopping\icon\letter.ico --> limiteeshirt.com /public_html/icon letter.ico
2010.03.01 20:43 B D:\xampp\htdocs\vbshopping\icon\license.txt --> limiteeshirt.com /public_html/icon license.txt
2010.03.01 20:44 B D:\xampp\htdocs\vbshopping\icon\monitor.ico --> limiteeshirt.com /public_html/icon monitor.ico
2010.03.01 20:44 B D:\xampp\htdocs\vbshopping\icon\pencil.ico --> limiteeshirt.com /public_html/icon pencil.ico
2010.03.01 20:44 B D:\xampp\htdocs\vbshopping\icon\plus.ico --> limiteeshirt.com /public_html/icon plus.ico
2010.03.01 20:44 B D:\xampp\htdocs\vbshopping\icon\present.ico --> limiteeshirt.com /public_html/icon present.ico
2010.03.01 20:44 B D:\xampp\htdocs\vbshopping\icon\print.ico --> limiteeshirt.com /public_html/icon print.ico
2010.03.01 20:44 B D:\xampp\htdocs\vbshopping\icon\right.ico --> limiteeshirt.com /public_html/icon right.ico
2010.03.01 20:44 B D:\xampp\htdocs\vbshopping\icon\save.ico --> limiteeshirt.com /public_html/icon save.ico
2010.03.01 20:44 B D:\xampp\htdocs\vbshopping\icon\search.ico --> limiteeshirt.com /public_html/icon search.ico
2010.03.01 20:45 B D:\xampp\htdocs\vbshopping\icon\shield.ico --> limiteeshirt.com /public_html/icon shield.ico
2010.03.01 20:45 B D:\xampp\htdocs\vbshopping\icon\statistics.ico --> limiteeshirt.com /public_html/icon statistics.ico
2010.03.01 20:45 B D:\xampp\htdocs\vbshopping\icon\stop.ico --> limiteeshirt.com /public_html/icon stop.ico
2010.03.01 20:45 B D:\xampp\htdocs\vbshopping\icon\Thumbs.db --> limiteeshirt.com /public_html/icon Thumbs.db
2010.03.01 20:45 B D:\xampp\htdocs\vbshopping\icon\tick.ico --> limiteeshirt.com /public_html/icon tick.ico
2010.03.01 20:45 B D:\xampp\htdocs\vbshopping\icon\trash.ico --> limiteeshirt.com /public_html/icon trash.ico
2010.03.01 20:45 B D:\xampp\htdocs\vbshopping\icon\up.ico --> limiteeshirt.com /public_html/icon up.ico
2010.03.01 20:45 B D:\xampp\htdocs\vbshopping\icon\user.ico --> limiteeshirt.com /public_html/icon user.ico
2010.03.01 20:45 B D:\xampp\htdocs\vbshopping\icon\wallet.ico --> limiteeshirt.com /public_html/icon wallet.ico
2010.03.01 20:45 B D:\xampp\htdocs\vbshopping\icon\warning.ico --> limiteeshirt.com /public_html/icon warning.ico
2010.03.01 20:46 B D:\xampp\htdocs\vbshopping\icon\WS_FTP.LOG --> limiteeshirt.com /public_html/icon WS_FTP.LOG
